<?xml version="1.0" encoding="UTF-8"?>
<!-- Generated by org.testng.reporters.JUnitReportReporter -->
<testsuite hostname="NTK2162" failures="0" tests="6" name="Edit.SauceDemo.Asignacion6" time="24.046" errors="0" timestamp="2023-01-15T13:55:53 ART" skipped="0">
  <testcase classname="Edit.SauceDemo.Asignacion6" name="login" time="1.777"/>
  <system-out/>
  <testcase classname="Edit.SauceDemo.Asignacion6" name="login" time="1.835"/>
  <system-out/>
  <testcase classname="Edit.SauceDemo.Asignacion6" name="login" time="1.806"/>
  <system-out/>
  <testcase classname="Edit.SauceDemo.Asignacion6" name="login" time="1.829"/>
  <system-out/>
  <testcase classname="Edit.SauceDemo.Asignacion6" name="login" time="14.691"/>
  <system-out/>
  <testcase classname="Edit.SauceDemo.Asignacion6" name="login" time="2.108"/>
  <system-out/>
</testsuite> <!-- Edit.SauceDemo.Asignacion6 -->
