<?xml version="1.0" encoding="UTF-8"?>
<!-- Generated by org.testng.reporters.JUnitReportReporter -->
<testsuite hostname="NTK2162" failures="0" tests="6" name="Edit.SauceDemo.Asignacion6" time="33.797" errors="0" timestamp="2023-01-12T11:54:28 ART" skipped="0">
  <testcase classname="Edit.SauceDemo.Asignacion6" name="login" time="3.257"/>
  <system-out/>
  <testcase classname="Edit.SauceDemo.Asignacion6" name="login" time="4.568"/>
  <system-out/>
  <testcase classname="Edit.SauceDemo.Asignacion6" name="login" time="15.788"/>
  <system-out/>
  <testcase classname="Edit.SauceDemo.Asignacion6" name="login" time="3.455"/>
  <system-out/>
  <testcase classname="Edit.SauceDemo.Asignacion6" name="login" time="3.453"/>
  <system-out/>
  <testcase classname="Edit.SauceDemo.Asignacion6" name="login" time="3.276"/>
  <system-out/>
</testsuite> <!-- Edit.SauceDemo.Asignacion6 -->
